# JRE version: Java(TM) SE Runtime Environment (8.0_201-b09) (build 1.8.0_201-b09)
# Java VM: Java HotSpot(TM) 64-Bit Server VM (25.201-b09 mixed mode linux-amd64 compressed oops)
Heap:
 PSYoungGen      total 44544K, used 8373K [0x00000000d7100000, 0x00000000db000000, 0x0000000100000000)
  eden space 43520K, 17% used [0x00000000d7100000,0x00000000d78a1c60,0x00000000d9b80000)
  from space 1024K, 54% used [0x00000000daf00000,0x00000000daf8b8a0,0x00000000db000000)
  to   space 7680K, 0% used [0x00000000da100000,0x00000000da100000,0x00000000da880000)
 ParOldGen       total 56320K, used 7396K [0x0000000085200000, 0x0000000088900000, 0x00000000d7100000)
  object space 56320K, 13% used [0x0000000085200000,0x00000000859391b0,0x0000000088900000)
 Metaspace       used 24490K, capacity 24788K, committed 25216K, reserved 1071104K
  class space    used 2497K, capacity 2592K, committed 2688K, reserved 1048576K
GC Heap History (10 events):
Event: 10.996 GC heap before
{Heap before GC invocations=6 (full 2):
 PSYoungGen      total 36864K, used 31735K [0x00000000d7100000, 0x00000000da900000, 0x0000000100000000)
  eden space 31744K, 99% used [0x00000000d7100000,0x00000000d8ffdce0,0x00000000d9000000)
  from space 5120K, 0% used [0x00000000d9000000,0x00000000d9000000,0x00000000d9500000)
  to   space 5120K, 0% used [0x00000000da400000,0x00000000da400000,0x00000000da900000)
 ParOldGen       total 56320K, used 7356K [0x0000000085200000, 0x0000000088900000, 0x00000000d7100000)
  object space 56320K, 13% used [0x0000000085200000,0x000000008592f1b0,0x0000000088900000)
 Metaspace       used 23989K, capacity 24244K, committed 24576K, reserved 1071104K
  class space    used 2494K, capacity 2560K, committed 2560K, reserved 1048576K
Event: 11.004 GC heap after
Heap after GC invocations=6 (full 2):
 PSYoungGen      total 51200K, used 526K [0x00000000d7100000, 0x00000000da880000, 0x0000000100000000)
  eden space 46592K, 0% used [0x00000000d7100000,0x00000000d7100000,0x00000000d9e80000)
  from space 4608K, 11% used [0x00000000da400000,0x00000000da4838a0,0x00000000da880000)
  to   space 5120K, 0% used [0x00000000d9e80000,0x00000000d9e80000,0x00000000da380000)
 ParOldGen       total 56320K, used 7364K [0x0000000085200000, 0x0000000088900000, 0x00000000d7100000)
  object space 56320K, 13% used [0x0000000085200000,0x00000000859311b0,0x0000000088900000)
 Metaspace       used 23989K, capacity 24244K, committed 24576K, reserved 1071104K
  class space    used 2494K, capacity 2560K, committed 2560K, reserved 1048576K
}
Event: 13.710 GC heap before
{Heap before GC invocations=7 (full 2):
 PSYoungGen      total 51200K, used 47118K [0x00000000d7100000, 0x00000000da880000, 0x0000000100000000)
  eden space 46592K, 100% used [0x00000000d7100000,0x00000000d9e80000,0x00000000d9e80000)
  from space 4608K, 11% used [0x00000000da400000,0x00000000da4838a0,0x00000000da880000)
  to   space 5120K, 0% used [0x00000000d9e80000,0x00000000d9e80000,0x00000000da380000)
 ParOldGen       total 56320K, used 7364K [0x0000000085200000, 0x0000000088900000, 0x00000000d7100000)
  object space 56320K, 13% used [0x0000000085200000,0x00000000859311b0,0x0000000088900000)
 Metaspace       used 24300K, capacity 24500K, committed 24832K, reserved 1071104K
  class space    used 2494K, capacity 2560K, committed 2560K, reserved 1048576K
Event: 13.714 GC heap after
Heap after GC invocations=7 (full 2):
 PSYoungGen      total 51712K, used 526K [0x00000000d7100000, 0x00000000dbb80000, 0x0000000100000000)
  eden space 46592K, 0% used [0x00000000d7100000,0x00000000d7100000,0x00000000d9e80000)
  from space 5120K, 10% used [0x00000000d9e80000,0x00000000d9f038a0,0x00000000da380000)
  to   space 5120K, 0% used [0x00000000db680000,0x00000000db680000,0x00000000dbb80000)
 ParOldGen       total 56320K, used 7372K [0x0000000085200000, 0x0000000088900000, 0x00000000d7100000)
  object space 56320K, 13% used [0x0000000085200000,0x00000000859331b0,0x0000000088900000)
 Metaspace       used 24300K, capacity 24500K, committed 24832K, reserved 1071104K
  class space    used 2494K, capacity 2560K, committed 2560K, reserved 1048576K
}
Event: 16.435 GC heap before
{Heap before GC invocations=8 (full 2):
 PSYoungGen      total 51712K, used 47118K [0x00000000d7100000, 0x00000000dbb80000, 0x0000000100000000)
  eden space 46592K, 100% used [0x00000000d7100000,0x00000000d9e80000,0x00000000d9e80000)
  from space 5120K, 10% used [0x00000000d9e80000,0x00000000d9f038a0,0x00000000da380000)
  to   space 5120K, 0% used [0x00000000db680000,0x00000000db680000,0x00000000dbb80000)
 ParOldGen       total 56320K, used 7372K [0x0000000085200000, 0x0000000088900000, 0x00000000d7100000)
  object space 56320K, 13% used [0x0000000085200000,0x00000000859331b0,0x0000000088900000)
 Metaspace       used 24425K, capacity 24660K, committed 24960K, reserved 1071104K
  class space    used 2497K, capacity 2592K, committed 2688K, reserved 1048576K
Event: 16.437 GC heap after
Heap after GC invocations=8 (full 2):
 PSYoungGen      total 46592K, used 590K [0x00000000d7100000, 0x00000000db780000, 0x0000000100000000)
  eden space 45568K, 0% used [0x00000000d7100000,0x00000000d7100000,0x00000000d9d80000)
  from space 1024K, 57% used [0x00000000db680000,0x00000000db7138a0,0x00000000db780000)
  to   space 8704K, 0% used [0x00000000da680000,0x00000000da680000,0x00000000daf00000)
 ParOldGen       total 56320K, used 7380K [0x0000000085200000, 0x0000000088900000, 0x00000000d7100000)
  object space 56320K, 13% used [0x0000000085200000,0x00000000859351b0,0x0000000088900000)
 Metaspace       used 24425K, capacity 24660K, committed 24960K, reserved 1071104K
  class space    used 2497K, capacity 2592K, committed 2688K, reserved 1048576K
}
Event: 19.170 GC heap before
{Heap before GC invocations=9 (full 2):
 PSYoungGen      total 46592K, used 46158K [0x00000000d7100000, 0x00000000db780000, 0x0000000100000000)
  eden space 45568K, 100% used [0x00000000d7100000,0x00000000d9d80000,0x00000000d9d80000)
  from space 1024K, 57% used [0x00000000db680000,0x00000000db7138a0,0x00000000db780000)
  to   space 8704K, 0% used [0x00000000da680000,0x00000000da680000,0x00000000daf00000)
 ParOldGen       total 56320K, used 7380K [0x0000000085200000, 0x0000000088900000, 0x00000000d7100000)
  object space 56320K, 13% used [0x0000000085200000,0x00000000859351b0,0x0000000088900000)
 Metaspace       used 24455K, capacity 24724K, committed 25216K, reserved 1071104K
  class space    used 2497K, capacity 2592K, committed 2688K, reserved 1048576K
Event: 19.174 GC heap after
Heap after GC invocations=9 (full 2):
 PSYoungGen      total 53248K, used 558K [0x00000000d7100000, 0x00000000db700000, 0x0000000100000000)
  eden space 44544K, 0% used [0x00000000d7100000,0x00000000d7100000,0x00000000d9c80000)
  from space 8704K, 6% used [0x00000000da680000,0x00000000da70b8a0,0x00000000daf00000)
  to   space 8192K, 0% used [0x00000000daf00000,0x00000000daf00000,0x00000000db700000)
 ParOldGen       total 56320K, used 7388K [0x0000000085200000, 0x0000000088900000, 0x00000000d7100000)
  object space 56320K, 13% used [0x0000000085200000,0x00000000859371b0,0x0000000088900000)
 Metaspace       used 24455K, capacity 24724K, committed 25216K, reserved 1071104K
  class space    used 2497K, capacity 2592K, committed 2688K, reserved 1048576K
}
Event: 21.838 GC heap before
{Heap before GC invocations=10 (full 2):
 PSYoungGen      total 53248K, used 45102K [0x00000000d7100000, 0x00000000db700000, 0x0000000100000000)
  eden space 44544K, 100% used [0x00000000d7100000,0x00000000d9c80000,0x00000000d9c80000)
  from space 8704K, 6% used [0x00000000da680000,0x00000000da70b8a0,0x00000000daf00000)
  to   space 8192K, 0% used [0x00000000daf00000,0x00000000daf00000,0x00000000db700000)
 ParOldGen       total 56320K, used 7388K [0x0000000085200000, 0x0000000088900000, 0x00000000d7100000)
  object space 56320K, 13% used [0x0000000085200000,0x00000000859371b0,0x0000000088900000)
 Metaspace       used 24481K, capacity 24788K, committed 25216K, reserved 1071104K
  class space    used 2497K, capacity 2592K, committed 2688K, reserved 1048576K
Event: 21.842 GC heap after
Heap after GC invocations=10 (full 2):
 PSYoungGen      total 44544K, used 558K [0x00000000d7100000, 0x00000000db000000, 0x0000000100000000)
  eden space 43520K, 0% used [0x00000000d7100000,0x00000000d7100000,0x00000000d9b80000)
  from space 1024K, 54% used [0x00000000daf00000,0x00000000daf8b8a0,0x00000000db000000)
  to   space 7680K, 0% used [0x00000000da100000,0x00000000da100000,0x00000000da880000)
 ParOldGen       total 56320K, used 7396K [0x0000000085200000, 0x0000000088900000, 0x00000000d7100000)
  object space 56320K, 13% used [0x0000000085200000,0x00000000859391b0,0x0000000088900000)
 Metaspace       used 24481K, capacity 24788K, committed 25216K, reserved 1071104K
  class space    used 2497K, capacity 2592K, committed 2688K, reserved 1048576K
}

